<?xml version="1.0" encoding="UTF-8"?>
<testng-results skipped="0" failed="0" ignored="0" total="1" passed="1">
  <reporter-output>
  </reporter-output>
  <suite name="Default suite" duration-ms="39300" started-at="2018-07-13T11:24:50Z" finished-at="2018-07-13T11:25:29Z">
    <groups>
    </groups>
    <test name="Default test" duration-ms="39300" started-at="2018-07-13T11:24:50Z" finished-at="2018-07-13T11:25:29Z">
      <class name="com.Test.FBLoginTest">
        <test-method status="PASS" signature="openApp()[pri:0, instance:com.Test.FBLoginTest@1f57539]" name="openApp" is-config="true" duration-ms="15198" started-at="2018-07-13T11:24:50Z" finished-at="2018-07-13T11:25:05Z">
          <reporter-output>
          </reporter-output>
        </test-method> <!-- openApp -->
        <test-method status="PASS" signature="init()[pri:0, instance:com.Test.FBLoginTest@1f57539]" name="init" duration-ms="16457" started-at="2018-07-13T11:25:05Z" finished-at="2018-07-13T11:25:21Z">
          <reporter-output>
          </reporter-output>
        </test-method> <!-- init -->
        <test-method status="PASS" signature="closeApp()[pri:0, instance:com.Test.FBLoginTest@1f57539]" name="closeApp" is-config="true" duration-ms="7591" started-at="2018-07-13T11:25:21Z" finished-at="2018-07-13T11:25:29Z">
          <reporter-output>
          </reporter-output>
        </test-method> <!-- closeApp -->
      </class> <!-- com.Test.FBLoginTest -->
    </test> <!-- Default test -->
  </suite> <!-- Default suite -->
</testng-results>
